[W 2021-07-31 23:51:33.231 LabApp] 'allow_root' has moved from NotebookApp to ServerApp. This config will be passed to ServerApp. Be sure to update your config before our next release.
[W 2021-07-31 23:51:33.231 LabApp] 'ip' has moved from NotebookApp to ServerApp. This config will be passed to ServerApp. Be sure to update your config before our next release.
[W 2021-07-31 23:51:33.231 LabApp] 'ip' has moved from NotebookApp to ServerApp. This config will be passed to ServerApp. Be sure to update your config before our next release.
[W 2021-07-31 23:51:33.231 LabApp] 'port' has moved from NotebookApp to ServerApp. This config will be passed to ServerApp. Be sure to update your config before our next release.
[W 2021-07-31 23:51:33.231 LabApp] 'port' has moved from NotebookApp to ServerApp. This config will be passed to ServerApp. Be sure to update your config before our next release.
[I 2021-07-31 23:51:33.239 LabApp] JupyterLab extension loaded from /home/ubuntu/anaconda3/lib/python3.8/site-packages/jupyterlab
[I 2021-07-31 23:51:33.239 LabApp] JupyterLab application directory is /home/ubuntu/anaconda3/share/jupyter/lab
[I 23:51:33.245 NotebookApp] Serving notebooks from local directory: /home/ubuntu/dl_final_project
[I 23:51:33.245 NotebookApp] Jupyter Notebook 6.3.0 is running at:
[I 23:51:33.245 NotebookApp] http://ip-172-31-27-104:8888/?token=24dd5b5d7e2168d7e0806b736c24c3867b9b0df4e07b1874
[I 23:51:33.245 NotebookApp]  or http://127.0.0.1:8888/?token=24dd5b5d7e2168d7e0806b736c24c3867b9b0df4e07b1874
[I 23:51:33.245 NotebookApp] Use Control-C to stop this server and shut down all kernels (twice to skip confirmation).
[C 23:51:33.249 NotebookApp] 
    
    To access the notebook, open this file in a browser:
        file:///home/ubuntu/.local/share/jupyter/runtime/nbserver-1580-open.html
    Or copy and paste one of these URLs:
        http://ip-172-31-27-104:8888/?token=24dd5b5d7e2168d7e0806b736c24c3867b9b0df4e07b1874
     or http://127.0.0.1:8888/?token=24dd5b5d7e2168d7e0806b736c24c3867b9b0df4e07b1874
[I 23:51:43.372 NotebookApp] 302 GET / (189.102.50.187) 0.580000ms
[I 23:51:43.604 NotebookApp] 302 GET /tree? (189.102.50.187) 0.670000ms
[W 23:52:43.310 NotebookApp] 401 POST /login?next=%2Ftree%3F (189.102.50.187) 1.480000ms referer=http://ec2-34-221-141-160.us-west-2.compute.amazonaws.com:8888/login?next=%2Ftree%3F
[I 23:52:52.541 NotebookApp] 302 POST /login?next=%2Ftree%3F (189.102.50.187) 1.100000ms
[W 23:54:00.654 NotebookApp] Notebook FinBERT/finbert_and_language_detection_uniform.ipynb is not trusted
[I 23:54:01.585 NotebookApp] Kernel started: 73c5a2ed-f001-4b34-b0f9-dbb8d6528c1a, name: python3
[I 23:56:01.832 NotebookApp] Saving file at /FinBERT/finbert_and_language_detection_uniform.ipynb
[W 23:56:01.832 NotebookApp] Notebook FinBERT/finbert_and_language_detection_uniform.ipynb is not trusted
[I 23:58:01.833 NotebookApp] Saving file at /FinBERT/finbert_and_language_detection_uniform.ipynb
[W 23:58:01.833 NotebookApp] Notebook FinBERT/finbert_and_language_detection_uniform.ipynb is not trusted
[I 00:00:01.837 NotebookApp] Saving file at /FinBERT/finbert_and_language_detection_uniform.ipynb
[W 00:00:01.838 NotebookApp] Notebook FinBERT/finbert_and_language_detection_uniform.ipynb is not trusted
[I 00:01:22.260 NotebookApp] Kernel interrupted: 73c5a2ed-f001-4b34-b0f9-dbb8d6528c1a
[I 00:02:01.833 NotebookApp] Saving file at /FinBERT/finbert_and_language_detection_uniform.ipynb
[W 00:02:01.833 NotebookApp] Notebook FinBERT/finbert_and_language_detection_uniform.ipynb is not trusted
[W 00:03:08.772 NotebookApp] Notebook FinBERT/finbert_and_language_detection.ipynb is not trusted
[I 00:03:09.705 NotebookApp] Kernel started: eade884d-aec3-4fcc-9efc-a02dbfbbbc3c, name: python3
[I 00:04:01.836 NotebookApp] Saving file at /FinBERT/finbert_and_language_detection_uniform.ipynb
[W 00:04:01.836 NotebookApp] Notebook FinBERT/finbert_and_language_detection_uniform.ipynb is not trusted
[I 00:05:10.005 NotebookApp] Saving file at /FinBERT/finbert_and_language_detection.ipynb
[W 00:05:10.006 NotebookApp] Notebook FinBERT/finbert_and_language_detection.ipynb is not trusted
[I 00:06:01.830 NotebookApp] Saving file at /FinBERT/finbert_and_language_detection_uniform.ipynb
[W 00:06:01.830 NotebookApp] Notebook FinBERT/finbert_and_language_detection_uniform.ipynb is not trusted
[I 00:07:42.420 NotebookApp] 302 GET / (209.17.96.138) 0.530000ms
[I 00:07:42.577 NotebookApp] 302 GET /tree (209.17.96.138) 0.700000ms
[I 01:39:14.766 NotebookApp] 302 GET / (185.180.143.74) 0.490000ms
[I 01:39:14.835 NotebookApp] 302 GET /tree? (185.180.143.74) 0.600000ms
[I 01:42:02.367 NotebookApp] Saving file at /FinBERT/finbert_and_language_detection_uniform.ipynb
[W 01:42:02.367 NotebookApp] Notebook FinBERT/finbert_and_language_detection_uniform.ipynb is not trusted
[I 01:42:50.011 NotebookApp] Saving file at /FinBERT/finbert_and_language_detection_uniform.ipynb
[W 01:42:50.012 NotebookApp] Notebook FinBERT/finbert_and_language_detection_uniform.ipynb is not trusted
[I 01:45:37.171 NotebookApp] Saving file at /FinBERT/finbert_and_language_detection_uniform.ipynb
[W 01:45:37.172 NotebookApp] Notebook FinBERT/finbert_and_language_detection_uniform.ipynb is not trusted
